2016-08-25 07:18:41,342 [Worker-3] INFO  c.g.t.t.d.PublishedGradleVersions - Gradle version information cache is not available. Remote download required.
2016-08-25 20:41:05,150 [Worker-4] INFO  c.g.t.t.d.PublishedGradleVersions - Gradle version information cache is up-to-date. Trying to read.
2016-08-26 09:31:00,151 [Worker-2] INFO  c.g.t.t.d.PublishedGradleVersions - Gradle version information cache is out-of-date. Trying to update.
2016-08-26 14:08:58,064 [Worker-1] INFO  c.g.t.t.d.PublishedGradleVersions - Gradle version information cache is up-to-date. Trying to read.
2016-08-28 16:21:47,818 [Worker-1] INFO  c.g.t.t.d.PublishedGradleVersions - Gradle version information cache is out-of-date. Trying to update.
2016-08-28 16:21:48,881 [Worker-1] INFO  c.g.t.t.d.PublishedGradleVersions - Updating Gradle version information cache failed. Using outdated cache.
2016-08-29 11:53:25,459 [Worker-2] INFO  c.g.t.t.d.PublishedGradleVersions - Gradle version information cache is out-of-date. Trying to update.
2016-08-30 08:45:36,717 [Worker-0] INFO  c.g.t.t.d.PublishedGradleVersions - Gradle version information cache is up-to-date. Trying to read.
2016-08-31 07:42:06,217 [Worker-2] INFO  c.g.t.t.d.PublishedGradleVersions - Gradle version information cache is out-of-date. Trying to update.
2016-08-31 12:54:49,635 [Worker-1] INFO  c.g.t.t.d.PublishedGradleVersions - Gradle version information cache is up-to-date. Trying to read.
2016-08-31 23:34:39,944 [Worker-1] INFO  c.g.t.t.d.PublishedGradleVersions - Gradle version information cache is up-to-date. Trying to read.
2016-09-01 07:53:21,890 [Worker-87] WARN  o.e.r.models.ModelRepository - Failed to download jre:jre:ctor:zip:1.0.0
org.eclipse.aether.resolution.ArtifactResolutionException: Could not transfer artifact jre:jre:zip:ctor:1.0.0-20160630.072510-1 from/to models (http://download.eclipse.org/recommenders/models/neon/): Checksum validation failed, expected <HTML><HEAD><TITLE> but is 9266b7ab45e6a30a83ccd97de4728c4ddb8430a5
	at org.eclipse.aether.internal.impl.DefaultArtifactResolver.resolve(DefaultArtifactResolver.java:444) ~[na:na]
	at org.eclipse.aether.internal.impl.DefaultArtifactResolver.resolveArtifacts(DefaultArtifactResolver.java:246) ~[na:na]
	at org.eclipse.aether.internal.impl.DefaultArtifactResolver.resolveArtifact(DefaultArtifactResolver.java:223) ~[na:na]
	at org.eclipse.aether.internal.impl.DefaultRepositorySystem.resolveArtifact(DefaultRepositorySystem.java:294) ~[na:na]
	at org.eclipse.recommenders.models.ModelRepository.resolveInternal(ModelRepository.java:220) [org.eclipse.recommenders.models_2.4.0.v20160607-1609.jar:na]
	at org.eclipse.recommenders.models.ModelRepository.resolve(ModelRepository.java:199) [org.eclipse.recommenders.models_2.4.0.v20160607-1609.jar:na]
	at org.eclipse.recommenders.internal.models.rcp.EclipseModelRepository.resolve(EclipseModelRepository.java:165) [org.eclipse.recommenders.models.rcp_2.4.0.v20160607-1609.jar:na]
	at org.eclipse.recommenders.internal.models.rcp.DownloadModelArchiveJob.run(DownloadModelArchiveJob.java:76) [org.eclipse.recommenders.models.rcp_2.4.0.v20160607-1609.jar:na]
	at org.eclipse.core.internal.jobs.Worker.run(Worker.java:55) [org.eclipse.core.jobs_3.8.0.v20160509-0411.jar:na]
Caused by: org.eclipse.aether.transfer.ArtifactTransferException: Could not transfer artifact jre:jre:zip:ctor:1.0.0-20160630.072510-1 from/to models (http://download.eclipse.org/recommenders/models/neon/): Checksum validation failed, expected <HTML><HEAD><TITLE> but is 9266b7ab45e6a30a83ccd97de4728c4ddb8430a5
	at org.eclipse.aether.connector.basic.ArtifactTransportListener.transferFailed(ArtifactTransportListener.java:43) ~[org.eclipse.aether.connector.basic_1.0.1.v20141111.jar:na]
	at org.eclipse.aether.connector.basic.BasicRepositoryConnector$TaskRunner.run(BasicRepositoryConnector.java:355) ~[org.eclipse.aether.connector.basic_1.0.1.v20141111.jar:na]
	at org.eclipse.aether.util.concurrency.RunnableErrorForwarder$1.run(RunnableErrorForwarder.java:67) ~[na:na]
	at org.eclipse.aether.connector.basic.BasicRepositoryConnector$DirectExecutor.execute(BasicRepositoryConnector.java:581) ~[org.eclipse.aether.connector.basic_1.0.1.v20141111.jar:na]
	at org.eclipse.aether.connector.basic.BasicRepositoryConnector.get(BasicRepositoryConnector.java:249) ~[org.eclipse.aether.connector.basic_1.0.1.v20141111.jar:na]
	at org.eclipse.aether.internal.impl.DefaultArtifactResolver.performDownloads(DefaultArtifactResolver.java:520) ~[na:na]
	at org.eclipse.aether.internal.impl.DefaultArtifactResolver.resolve(DefaultArtifactResolver.java:421) ~[na:na]
	... 8 common frames omitted
Caused by: org.eclipse.aether.transfer.ChecksumFailureException: Checksum validation failed, expected <HTML><HEAD><TITLE> but is 9266b7ab45e6a30a83ccd97de4728c4ddb8430a5
	at org.eclipse.aether.connector.basic.ChecksumValidator.validateExternalChecksums(ChecksumValidator.java:165) ~[org.eclipse.aether.connector.basic_1.0.1.v20141111.jar:na]
	at org.eclipse.aether.connector.basic.ChecksumValidator.validate(ChecksumValidator.java:94) ~[org.eclipse.aether.connector.basic_1.0.1.v20141111.jar:na]
	at org.eclipse.aether.connector.basic.BasicRepositoryConnector$GetTaskRunner.runTask(BasicRepositoryConnector.java:450) ~[org.eclipse.aether.connector.basic_1.0.1.v20141111.jar:na]
	at org.eclipse.aether.connector.basic.BasicRepositoryConnector$TaskRunner.run(BasicRepositoryConnector.java:350) ~[org.eclipse.aether.connector.basic_1.0.1.v20141111.jar:na]
	... 13 common frames omitted
2016-09-01 08:50:31,172 [Worker-0] INFO  c.g.t.t.d.PublishedGradleVersions - Gradle version information cache is out-of-date. Trying to update.
2016-09-01 13:59:32,617 [Worker-1] INFO  c.g.t.t.d.PublishedGradleVersions - Gradle version information cache is up-to-date. Trying to read.
2016-09-02 08:37:13,043 [Worker-2] INFO  c.g.t.t.d.PublishedGradleVersions - Gradle version information cache is up-to-date. Trying to read.
2016-09-07 16:36:08,517 [Worker-0] INFO  c.g.t.t.d.PublishedGradleVersions - Gradle version information cache is out-of-date. Trying to update.
2016-09-08 16:37:37,825 [Worker-0] INFO  c.g.t.t.d.PublishedGradleVersions - Gradle version information cache is out-of-date. Trying to update.
2016-09-08 16:40:53,954 [Worker-0] INFO  c.g.t.t.d.PublishedGradleVersions - Gradle version information cache is up-to-date. Trying to read.
2016-09-08 16:51:26,342 [Worker-15] ERROR o.e.m.c.i.p.r.ProjectRegistryManager - Failed to read Maven project: 1 problem was encountered while building the effective model
[FATAL] Non-readable POM /Users/gregorydoud/Java/SpringHelloWorld/src/main/java/hello/pom.xml: input contained no data @ 
 for project  at /Users/gregorydoud/Java/SpringHelloWorld/src/main/java/hello/pom.xml
org.apache.maven.project.ProjectBuildingException: 1 problem was encountered while building the effective model
[FATAL] Non-readable POM /Users/gregorydoud/Java/SpringHelloWorld/src/main/java/hello/pom.xml: input contained no data @ 
 for project  at /Users/gregorydoud/Java/SpringHelloWorld/src/main/java/hello/pom.xml
	at org.apache.maven.project.DefaultProjectBuilder.build(DefaultProjectBuilder.java:168) ~[maven-core-3.3.9.jar:3.3.9]
	at org.apache.maven.project.DefaultProjectBuilder.build(DefaultProjectBuilder.java:119) ~[maven-core-3.3.9.jar:3.3.9]
	at org.eclipse.m2e.core.internal.embedder.MavenImpl.readMavenProject(MavenImpl.java:636) ~[org.eclipse.m2e.core_1.7.0.20160603-1933.jar:na]
	at org.eclipse.m2e.core.internal.project.registry.ProjectRegistryManager$5.call(ProjectRegistryManager.java:816) ~[org.eclipse.m2e.core_1.7.0.20160603-1933.jar:na]
	at org.eclipse.m2e.core.internal.project.registry.ProjectRegistryManager$5.call(ProjectRegistryManager.java:1) ~[org.eclipse.m2e.core_1.7.0.20160603-1933.jar:na]
	at org.eclipse.m2e.core.internal.embedder.MavenExecutionContext.executeBare(MavenExecutionContext.java:176) ~[org.eclipse.m2e.core_1.7.0.20160603-1933.jar:na]
	at org.eclipse.m2e.core.internal.embedder.MavenExecutionContext.execute(MavenExecutionContext.java:151) ~[org.eclipse.m2e.core_1.7.0.20160603-1933.jar:na]
	at org.eclipse.m2e.core.internal.embedder.MavenExecutionContext.execute(MavenExecutionContext.java:99) ~[org.eclipse.m2e.core_1.7.0.20160603-1933.jar:na]
	at org.eclipse.m2e.core.internal.project.registry.ProjectRegistryManager.execute(ProjectRegistryManager.java:967) ~[org.eclipse.m2e.core_1.7.0.20160603-1933.jar:na]
	at org.eclipse.m2e.core.internal.project.registry.ProjectRegistryManager.readProjectWithDependencies(ProjectRegistryManager.java:811) ~[org.eclipse.m2e.core_1.7.0.20160603-1933.jar:na]
	at org.eclipse.m2e.core.internal.project.registry.ProjectRegistryManager.create(ProjectRegistryManager.java:192) ~[org.eclipse.m2e.core_1.7.0.20160603-1933.jar:na]
	at org.eclipse.m2e.core.internal.project.registry.MavenProjectManager.create(MavenProjectManager.java:80) [org.eclipse.m2e.core_1.7.0.20160603-1933.jar:na]
	at org.eclipse.m2e.core.ui.internal.actions.SelectionUtil.getMavenProject(SelectionUtil.java:259) [org.eclipse.m2e.core.ui_1.7.0.20160603-1933.jar:na]
	at org.eclipse.m2e.editor.pom.MavenPomEditor.readMavenProject(MavenPomEditor.java:732) [org.eclipse.m2e.editor_1.7.0.20160603-1933.jar:na]
	at org.eclipse.m2e.editor.pom.MavenPomEditor$5.run(MavenPomEditor.java:1053) [org.eclipse.m2e.editor_1.7.0.20160603-1933.jar:na]
	at org.eclipse.core.internal.jobs.Worker.run(Worker.java:55) [org.eclipse.core.jobs_3.8.0.v20160509-0411.jar:na]
Caused by: org.apache.maven.model.building.ModelBuildingException: 1 problem was encountered while building the effective model
[FATAL] Non-readable POM /Users/gregorydoud/Java/SpringHelloWorld/src/main/java/hello/pom.xml: input contained no data @ 

	at org.apache.maven.model.building.DefaultModelProblemCollector.newModelBuildingException(DefaultModelProblemCollector.java:197) ~[maven-model-builder-3.3.9.jar:3.3.9]
	at org.apache.maven.model.building.DefaultModelBuilder.readModel(DefaultModelBuilder.java:598) ~[maven-model-builder-3.3.9.jar:3.3.9]
	at org.apache.maven.model.building.DefaultModelBuilder.build(DefaultModelBuilder.java:273) ~[maven-model-builder-3.3.9.jar:3.3.9]
	at org.apache.maven.project.DefaultProjectBuilder.build(DefaultProjectBuilder.java:161) ~[maven-core-3.3.9.jar:3.3.9]
	... 15 common frames omitted
2016-09-08 16:51:42,878 [Worker-14] INFO  o.e.m.c.i.e.AbstractTransferListenerAdapter - Downloading https://repo.spring.io/libs-release/org/springframework/boot/spring-boot-starter-parent/1.4.0.RELEASE/spring-boot-starter-parent-1.4.0.RELEASE.pom
2016-09-08 16:51:43,106 [Worker-14] INFO  o.e.m.c.i.e.AbstractTransferListenerAdapter - Downloaded https://repo.spring.io/libs-release/org/springframework/boot/spring-boot-starter-parent/1.4.0.RELEASE/spring-boot-starter-parent-1.4.0.RELEASE.pom
2016-09-08 16:51:43,380 [Worker-14] INFO  o.e.m.c.i.e.AbstractTransferListenerAdapter - Downloading https://repo.spring.io/libs-release/org/springframework/boot/spring-boot-dependencies/1.4.0.RELEASE/spring-boot-dependencies-1.4.0.RELEASE.pom
2016-09-08 16:51:44,378 [Worker-14] INFO  o.e.m.c.i.e.AbstractTransferListenerAdapter - Downloaded https://repo.spring.io/libs-release/org/springframework/boot/spring-boot-dependencies/1.4.0.RELEASE/spring-boot-dependencies-1.4.0.RELEASE.pom
2016-09-08 16:51:45,167 [Worker-14] INFO  o.e.m.c.i.e.AbstractTransferListenerAdapter - Downloading https://repo.spring.io/libs-release/org/springframework/spring-framework-bom/4.3.2.RELEASE/spring-framework-bom-4.3.2.RELEASE.pom
2016-09-08 16:51:45,571 [Worker-14] INFO  o.e.m.c.i.e.AbstractTransferListenerAdapter - Downloaded https://repo.spring.io/libs-release/org/springframework/spring-framework-bom/4.3.2.RELEASE/spring-framework-bom-4.3.2.RELEASE.pom
2016-09-08 16:51:45,790 [Worker-14] INFO  o.e.m.c.i.e.AbstractTransferListenerAdapter - Downloading https://repo.spring.io/libs-release/org/springframework/data/spring-data-releasetrain/Hopper-SR2/spring-data-releasetrain-Hopper-SR2.pom
2016-09-08 16:51:46,021 [Worker-14] INFO  o.e.m.c.i.e.AbstractTransferListenerAdapter - Downloaded https://repo.spring.io/libs-release/org/springframework/data/spring-data-releasetrain/Hopper-SR2/spring-data-releasetrain-Hopper-SR2.pom
2016-09-08 16:51:46,248 [Worker-14] INFO  o.e.m.c.i.e.AbstractTransferListenerAdapter - Downloading https://repo.spring.io/libs-release/org/springframework/data/build/spring-data-build/1.8.2.RELEASE/spring-data-build-1.8.2.RELEASE.pom
2016-09-08 16:51:46,499 [Worker-14] INFO  o.e.m.c.i.e.AbstractTransferListenerAdapter - Downloaded https://repo.spring.io/libs-release/org/springframework/data/build/spring-data-build/1.8.2.RELEASE/spring-data-build-1.8.2.RELEASE.pom
2016-09-08 16:51:46,744 [Worker-14] INFO  o.e.m.c.i.e.AbstractTransferListenerAdapter - Downloading https://repo.spring.io/libs-release/org/springframework/integration/spring-integration-bom/4.3.1.RELEASE/spring-integration-bom-4.3.1.RELEASE.pom
2016-09-08 16:51:46,939 [Worker-14] INFO  o.e.m.c.i.e.AbstractTransferListenerAdapter - Downloaded https://repo.spring.io/libs-release/org/springframework/integration/spring-integration-bom/4.3.1.RELEASE/spring-integration-bom-4.3.1.RELEASE.pom
2016-09-08 16:51:47,196 [Worker-14] INFO  o.e.m.c.i.e.AbstractTransferListenerAdapter - Downloading https://repo.spring.io/libs-release/org/springframework/security/spring-security-bom/4.1.1.RELEASE/spring-security-bom-4.1.1.RELEASE.pom
2016-09-08 16:51:47,652 [Worker-14] INFO  o.e.m.c.i.e.AbstractTransferListenerAdapter - Downloaded https://repo.spring.io/libs-release/org/springframework/security/spring-security-bom/4.1.1.RELEASE/spring-security-bom-4.1.1.RELEASE.pom
2016-09-08 16:51:48,151 [Worker-14] INFO  o.e.m.c.i.e.AbstractTransferListenerAdapter - Downloading https://repo.spring.io/libs-release/org/springframework/boot/spring-boot-starter-web/1.4.0.RELEASE/spring-boot-starter-web-1.4.0.RELEASE.pom
2016-09-08 16:51:48,487 [Worker-14] INFO  o.e.m.c.i.e.AbstractTransferListenerAdapter - Downloaded https://repo.spring.io/libs-release/org/springframework/boot/spring-boot-starter-web/1.4.0.RELEASE/spring-boot-starter-web-1.4.0.RELEASE.pom
2016-09-08 16:51:48,725 [Worker-14] INFO  o.e.m.c.i.e.AbstractTransferListenerAdapter - Downloading https://repo.spring.io/libs-release/org/springframework/boot/spring-boot-starters/1.4.0.RELEASE/spring-boot-starters-1.4.0.RELEASE.pom
2016-09-08 16:51:49,100 [Worker-14] INFO  o.e.m.c.i.e.AbstractTransferListenerAdapter - Downloaded https://repo.spring.io/libs-release/org/springframework/boot/spring-boot-starters/1.4.0.RELEASE/spring-boot-starters-1.4.0.RELEASE.pom
2016-09-08 16:51:49,400 [Worker-14] INFO  o.e.m.c.i.e.AbstractTransferListenerAdapter - Downloading https://repo.spring.io/libs-release/org/springframework/boot/spring-boot-parent/1.4.0.RELEASE/spring-boot-parent-1.4.0.RELEASE.pom
2016-09-08 16:51:49,697 [Worker-14] INFO  o.e.m.c.i.e.AbstractTransferListenerAdapter - Downloaded https://repo.spring.io/libs-release/org/springframework/boot/spring-boot-parent/1.4.0.RELEASE/spring-boot-parent-1.4.0.RELEASE.pom
2016-09-08 16:51:49,955 [Worker-14] INFO  o.e.m.c.i.e.AbstractTransferListenerAdapter - Downloading https://repo.spring.io/libs-release/org/springframework/boot/spring-boot-starter/1.4.0.RELEASE/spring-boot-starter-1.4.0.RELEASE.pom
2016-09-08 16:51:50,196 [Worker-14] INFO  o.e.m.c.i.e.AbstractTransferListenerAdapter - Downloaded https://repo.spring.io/libs-release/org/springframework/boot/spring-boot-starter/1.4.0.RELEASE/spring-boot-starter-1.4.0.RELEASE.pom
2016-09-08 16:51:50,818 [Worker-14] INFO  o.e.m.c.i.e.AbstractTransferListenerAdapter - Downloading https://repo.spring.io/libs-release/org/springframework/boot/spring-boot/1.4.0.RELEASE/spring-boot-1.4.0.RELEASE.pom
2016-09-08 16:51:51,784 [Worker-14] INFO  o.e.m.c.i.e.AbstractTransferListenerAdapter - Downloaded https://repo.spring.io/libs-release/org/springframework/boot/spring-boot/1.4.0.RELEASE/spring-boot-1.4.0.RELEASE.pom
2016-09-08 16:51:52,260 [Worker-14] INFO  o.e.m.c.i.e.AbstractTransferListenerAdapter - Downloading https://repo.spring.io/libs-release/org/springframework/spring-core/4.3.2.RELEASE/spring-core-4.3.2.RELEASE.pom
2016-09-08 16:51:52,574 [Worker-14] INFO  o.e.m.c.i.e.AbstractTransferListenerAdapter - Downloaded https://repo.spring.io/libs-release/org/springframework/spring-core/4.3.2.RELEASE/spring-core-4.3.2.RELEASE.pom
2016-09-08 16:51:52,859 [Worker-14] INFO  o.e.m.c.i.e.AbstractTransferListenerAdapter - Downloading https://repo.spring.io/libs-release/org/springframework/spring-context/4.3.2.RELEASE/spring-context-4.3.2.RELEASE.pom
2016-09-08 16:51:53,163 [Worker-14] INFO  o.e.m.c.i.e.AbstractTransferListenerAdapter - Downloaded https://repo.spring.io/libs-release/org/springframework/spring-context/4.3.2.RELEASE/spring-context-4.3.2.RELEASE.pom
2016-09-08 16:51:53,444 [Worker-14] INFO  o.e.m.c.i.e.AbstractTransferListenerAdapter - Downloading https://repo.spring.io/libs-release/org/springframework/spring-aop/4.3.2.RELEASE/spring-aop-4.3.2.RELEASE.pom
2016-09-08 16:51:53,796 [Worker-14] INFO  o.e.m.c.i.e.AbstractTransferListenerAdapter - Downloaded https://repo.spring.io/libs-release/org/springframework/spring-aop/4.3.2.RELEASE/spring-aop-4.3.2.RELEASE.pom
2016-09-08 16:51:54,298 [Worker-14] INFO  o.e.m.c.i.e.AbstractTransferListenerAdapter - Downloading https://repo.spring.io/libs-release/org/springframework/spring-beans/4.3.2.RELEASE/spring-beans-4.3.2.RELEASE.pom
2016-09-08 16:51:55,041 [Worker-14] INFO  o.e.m.c.i.e.AbstractTransferListenerAdapter - Downloaded https://repo.spring.io/libs-release/org/springframework/spring-beans/4.3.2.RELEASE/spring-beans-4.3.2.RELEASE.pom
2016-09-08 16:51:55,355 [Worker-14] INFO  o.e.m.c.i.e.AbstractTransferListenerAdapter - Downloading https://repo.spring.io/libs-release/org/springframework/spring-expression/4.3.2.RELEASE/spring-expression-4.3.2.RELEASE.pom
2016-09-08 16:51:55,670 [Worker-14] INFO  o.e.m.c.i.e.AbstractTransferListenerAdapter - Downloaded https://repo.spring.io/libs-release/org/springframework/spring-expression/4.3.2.RELEASE/spring-expression-4.3.2.RELEASE.pom
2016-09-08 16:51:56,001 [Worker-14] INFO  o.e.m.c.i.e.AbstractTransferListenerAdapter - Downloading https://repo.spring.io/libs-release/org/springframework/boot/spring-boot-autoconfigure/1.4.0.RELEASE/spring-boot-autoconfigure-1.4.0.RELEASE.pom
2016-09-08 16:51:56,368 [Worker-14] INFO  o.e.m.c.i.e.AbstractTransferListenerAdapter - Downloaded https://repo.spring.io/libs-release/org/springframework/boot/spring-boot-autoconfigure/1.4.0.RELEASE/spring-boot-autoconfigure-1.4.0.RELEASE.pom
2016-09-08 16:51:56,656 [Worker-14] INFO  o.e.m.c.i.e.AbstractTransferListenerAdapter - Downloading https://repo.spring.io/libs-release/org/springframework/boot/spring-boot-starter-logging/1.4.0.RELEASE/spring-boot-starter-logging-1.4.0.RELEASE.pom
2016-09-08 16:51:56,939 [Worker-14] INFO  o.e.m.c.i.e.AbstractTransferListenerAdapter - Downloaded https://repo.spring.io/libs-release/org/springframework/boot/spring-boot-starter-logging/1.4.0.RELEASE/spring-boot-starter-logging-1.4.0.RELEASE.pom
2016-09-08 16:51:57,245 [Worker-14] INFO  o.e.m.c.i.e.AbstractTransferListenerAdapter - Downloading https://repo.spring.io/libs-release/ch/qos/logback/logback-classic/1.1.7/logback-classic-1.1.7.pom
2016-09-08 16:51:57,668 [Worker-14] INFO  o.e.m.c.i.e.AbstractTransferListenerAdapter - Downloaded https://repo.spring.io/libs-release/ch/qos/logback/logback-classic/1.1.7/logback-classic-1.1.7.pom
2016-09-08 16:51:58,211 [Worker-14] INFO  o.e.m.c.i.e.AbstractTransferListenerAdapter - Downloading https://repo.spring.io/libs-release/ch/qos/logback/logback-parent/1.1.7/logback-parent-1.1.7.pom
2016-09-08 16:51:58,794 [Worker-14] INFO  o.e.m.c.i.e.AbstractTransferListenerAdapter - Downloaded https://repo.spring.io/libs-release/ch/qos/logback/logback-parent/1.1.7/logback-parent-1.1.7.pom
2016-09-08 16:51:59,077 [Worker-14] INFO  o.e.m.c.i.e.AbstractTransferListenerAdapter - Downloading https://repo.spring.io/libs-release/ch/qos/logback/logback-core/1.1.7/logback-core-1.1.7.pom
2016-09-08 16:51:59,506 [Worker-14] INFO  o.e.m.c.i.e.AbstractTransferListenerAdapter - Downloaded https://repo.spring.io/libs-release/ch/qos/logback/logback-core/1.1.7/logback-core-1.1.7.pom
2016-09-08 16:51:59,764 [Worker-14] INFO  o.e.m.c.i.e.AbstractTransferListenerAdapter - Downloading https://repo.spring.io/libs-release/org/slf4j/slf4j-api/1.7.21/slf4j-api-1.7.21.pom
2016-09-08 16:52:00,025 [Worker-14] INFO  o.e.m.c.i.e.AbstractTransferListenerAdapter - Downloaded https://repo.spring.io/libs-release/org/slf4j/slf4j-api/1.7.21/slf4j-api-1.7.21.pom
2016-09-08 16:52:00,232 [Worker-14] INFO  o.e.m.c.i.e.AbstractTransferListenerAdapter - Downloading https://repo.spring.io/libs-release/org/slf4j/slf4j-parent/1.7.21/slf4j-parent-1.7.21.pom
2016-09-08 16:52:00,546 [Worker-14] INFO  o.e.m.c.i.e.AbstractTransferListenerAdapter - Downloaded https://repo.spring.io/libs-release/org/slf4j/slf4j-parent/1.7.21/slf4j-parent-1.7.21.pom
2016-09-08 16:52:00,744 [Worker-14] INFO  o.e.m.c.i.e.AbstractTransferListenerAdapter - Downloading https://repo.spring.io/libs-release/org/slf4j/jcl-over-slf4j/1.7.21/jcl-over-slf4j-1.7.21.pom
2016-09-08 16:52:00,926 [Worker-14] INFO  o.e.m.c.i.e.AbstractTransferListenerAdapter - Downloaded https://repo.spring.io/libs-release/org/slf4j/jcl-over-slf4j/1.7.21/jcl-over-slf4j-1.7.21.pom
2016-09-08 16:52:01,118 [Worker-14] INFO  o.e.m.c.i.e.AbstractTransferListenerAdapter - Downloading https://repo.spring.io/libs-release/org/slf4j/jul-to-slf4j/1.7.21/jul-to-slf4j-1.7.21.pom
2016-09-08 16:52:01,324 [Worker-14] INFO  o.e.m.c.i.e.AbstractTransferListenerAdapter - Downloaded https://repo.spring.io/libs-release/org/slf4j/jul-to-slf4j/1.7.21/jul-to-slf4j-1.7.21.pom
2016-09-08 16:52:01,517 [Worker-14] INFO  o.e.m.c.i.e.AbstractTransferListenerAdapter - Downloading https://repo.spring.io/libs-release/org/slf4j/log4j-over-slf4j/1.7.21/log4j-over-slf4j-1.7.21.pom
2016-09-08 16:52:01,709 [Worker-14] INFO  o.e.m.c.i.e.AbstractTransferListenerAdapter - Downloaded https://repo.spring.io/libs-release/org/slf4j/log4j-over-slf4j/1.7.21/log4j-over-slf4j-1.7.21.pom
2016-09-08 16:52:01,905 [Worker-14] INFO  o.e.m.c.i.e.AbstractTransferListenerAdapter - Downloading https://repo.spring.io/libs-release/org/yaml/snakeyaml/1.17/snakeyaml-1.17.pom
2016-09-08 16:52:02,364 [Worker-14] INFO  o.e.m.c.i.e.AbstractTransferListenerAdapter - Downloaded https://repo.spring.io/libs-release/org/yaml/snakeyaml/1.17/snakeyaml-1.17.pom
2016-09-08 16:52:02,564 [Worker-14] INFO  o.e.m.c.i.e.AbstractTransferListenerAdapter - Downloading https://repo.spring.io/libs-release/org/springframework/boot/spring-boot-starter-tomcat/1.4.0.RELEASE/spring-boot-starter-tomcat-1.4.0.RELEASE.pom
2016-09-08 16:52:02,768 [Worker-14] INFO  o.e.m.c.i.e.AbstractTransferListenerAdapter - Downloaded https://repo.spring.io/libs-release/org/springframework/boot/spring-boot-starter-tomcat/1.4.0.RELEASE/spring-boot-starter-tomcat-1.4.0.RELEASE.pom
2016-09-08 16:52:02,966 [Worker-14] INFO  o.e.m.c.i.e.AbstractTransferListenerAdapter - Downloading https://repo.spring.io/libs-release/org/apache/tomcat/embed/tomcat-embed-core/8.5.4/tomcat-embed-core-8.5.4.pom
2016-09-08 16:52:03,154 [Worker-14] INFO  o.e.m.c.i.e.AbstractTransferListenerAdapter - Downloaded https://repo.spring.io/libs-release/org/apache/tomcat/embed/tomcat-embed-core/8.5.4/tomcat-embed-core-8.5.4.pom
2016-09-08 16:52:03,343 [Worker-14] INFO  o.e.m.c.i.e.AbstractTransferListenerAdapter - Downloading https://repo.spring.io/libs-release/org/apache/tomcat/embed/tomcat-embed-el/8.5.4/tomcat-embed-el-8.5.4.pom
2016-09-08 16:52:03,527 [Worker-14] INFO  o.e.m.c.i.e.AbstractTransferListenerAdapter - Downloaded https://repo.spring.io/libs-release/org/apache/tomcat/embed/tomcat-embed-el/8.5.4/tomcat-embed-el-8.5.4.pom
2016-09-08 16:52:03,755 [Worker-14] INFO  o.e.m.c.i.e.AbstractTransferListenerAdapter - Downloading https://repo.spring.io/libs-release/org/apache/tomcat/embed/tomcat-embed-websocket/8.5.4/tomcat-embed-websocket-8.5.4.pom
2016-09-08 16:52:03,958 [Worker-14] INFO  o.e.m.c.i.e.AbstractTransferListenerAdapter - Downloaded https://repo.spring.io/libs-release/org/apache/tomcat/embed/tomcat-embed-websocket/8.5.4/tomcat-embed-websocket-8.5.4.pom
2016-09-08 16:52:04,145 [Worker-14] INFO  o.e.m.c.i.e.AbstractTransferListenerAdapter - Downloading https://repo.spring.io/libs-release/org/hibernate/hibernate-validator/5.2.4.Final/hibernate-validator-5.2.4.Final.pom
2016-09-08 16:52:04,340 [Worker-14] INFO  o.e.m.c.i.e.AbstractTransferListenerAdapter - Downloaded https://repo.spring.io/libs-release/org/hibernate/hibernate-validator/5.2.4.Final/hibernate-validator-5.2.4.Final.pom
2016-09-08 16:52:04,529 [Worker-14] INFO  o.e.m.c.i.e.AbstractTransferListenerAdapter - Downloading https://repo.spring.io/libs-release/org/hibernate/hibernate-validator-parent/5.2.4.Final/hibernate-validator-parent-5.2.4.Final.pom
2016-09-08 16:52:04,777 [Worker-14] INFO  o.e.m.c.i.e.AbstractTransferListenerAdapter - Downloaded https://repo.spring.io/libs-release/org/hibernate/hibernate-validator-parent/5.2.4.Final/hibernate-validator-parent-5.2.4.Final.pom
2016-09-08 16:52:04,970 [Worker-14] INFO  o.e.m.c.i.e.AbstractTransferListenerAdapter - Downloading https://repo.spring.io/libs-release/org/jboss/arquillian/arquillian-bom/1.1.9.Final/arquillian-bom-1.1.9.Final.pom
2016-09-08 16:52:05,153 [Worker-14] INFO  o.e.m.c.i.e.AbstractTransferListenerAdapter - Downloaded https://repo.spring.io/libs-release/org/jboss/arquillian/arquillian-bom/1.1.9.Final/arquillian-bom-1.1.9.Final.pom
2016-09-08 16:52:05,341 [Worker-14] INFO  o.e.m.c.i.e.AbstractTransferListenerAdapter - Downloading https://repo.spring.io/libs-release/org/jboss/shrinkwrap/shrinkwrap-bom/1.2.2/shrinkwrap-bom-1.2.2.pom
2016-09-08 16:52:05,536 [Worker-14] INFO  o.e.m.c.i.e.AbstractTransferListenerAdapter - Downloaded https://repo.spring.io/libs-release/org/jboss/shrinkwrap/shrinkwrap-bom/1.2.2/shrinkwrap-bom-1.2.2.pom
2016-09-08 16:52:05,737 [Worker-14] INFO  o.e.m.c.i.e.AbstractTransferListenerAdapter - Downloading https://repo.spring.io/libs-release/org/jboss/shrinkwrap/resolver/shrinkwrap-resolver-bom/2.1.1/shrinkwrap-resolver-bom-2.1.1.pom
2016-09-08 16:52:05,933 [Worker-14] INFO  o.e.m.c.i.e.AbstractTransferListenerAdapter - Downloaded https://repo.spring.io/libs-release/org/jboss/shrinkwrap/resolver/shrinkwrap-resolver-bom/2.1.1/shrinkwrap-resolver-bom-2.1.1.pom
2016-09-08 16:52:06,162 [Worker-14] INFO  o.e.m.c.i.e.AbstractTransferListenerAdapter - Downloading https://repo.spring.io/libs-release/org/jboss/shrinkwrap/descriptors/shrinkwrap-descriptors-bom/2.0.0-alpha-7/shrinkwrap-descriptors-bom-2.0.0-alpha-7.pom
2016-09-08 16:52:06,469 [Worker-14] INFO  o.e.m.c.i.e.AbstractTransferListenerAdapter - Downloaded https://repo.spring.io/libs-release/org/jboss/shrinkwrap/descriptors/shrinkwrap-descriptors-bom/2.0.0-alpha-7/shrinkwrap-descriptors-bom-2.0.0-alpha-7.pom
2016-09-08 16:52:06,659 [Worker-14] INFO  o.e.m.c.i.e.AbstractTransferListenerAdapter - Downloading https://repo.spring.io/libs-release/javax/validation/validation-api/1.1.0.Final/validation-api-1.1.0.Final.pom
2016-09-08 16:52:06,845 [Worker-14] INFO  o.e.m.c.i.e.AbstractTransferListenerAdapter - Downloaded https://repo.spring.io/libs-release/javax/validation/validation-api/1.1.0.Final/validation-api-1.1.0.Final.pom
2016-09-08 16:52:07,034 [Worker-14] INFO  o.e.m.c.i.e.AbstractTransferListenerAdapter - Downloading https://repo.spring.io/libs-release/org/jboss/logging/jboss-logging/3.3.0.Final/jboss-logging-3.3.0.Final.pom
2016-09-08 16:52:07,235 [Worker-14] INFO  o.e.m.c.i.e.AbstractTransferListenerAdapter - Downloaded https://repo.spring.io/libs-release/org/jboss/logging/jboss-logging/3.3.0.Final/jboss-logging-3.3.0.Final.pom
2016-09-08 16:52:07,415 [Worker-14] INFO  o.e.m.c.i.e.AbstractTransferListenerAdapter - Downloading https://repo.spring.io/libs-release/org/jboss/jboss-parent/15/jboss-parent-15.pom
2016-09-08 16:52:07,608 [Worker-14] INFO  o.e.m.c.i.e.AbstractTransferListenerAdapter - Downloaded https://repo.spring.io/libs-release/org/jboss/jboss-parent/15/jboss-parent-15.pom
2016-09-08 16:52:07,837 [Worker-14] INFO  o.e.m.c.i.e.AbstractTransferListenerAdapter - Downloading https://repo.spring.io/libs-release/com/fasterxml/classmate/1.3.1/classmate-1.3.1.pom
2016-09-08 16:52:08,022 [Worker-14] INFO  o.e.m.c.i.e.AbstractTransferListenerAdapter - Downloaded https://repo.spring.io/libs-release/com/fasterxml/classmate/1.3.1/classmate-1.3.1.pom
2016-09-08 16:52:08,209 [Worker-14] INFO  o.e.m.c.i.e.AbstractTransferListenerAdapter - Downloading https://repo.spring.io/libs-release/com/fasterxml/oss-parent/24/oss-parent-24.pom
2016-09-08 16:52:08,396 [Worker-14] INFO  o.e.m.c.i.e.AbstractTransferListenerAdapter - Downloaded https://repo.spring.io/libs-release/com/fasterxml/oss-parent/24/oss-parent-24.pom
2016-09-08 16:52:08,598 [Worker-14] INFO  o.e.m.c.i.e.AbstractTransferListenerAdapter - Downloading https://repo.spring.io/libs-release/com/fasterxml/jackson/core/jackson-databind/2.8.1/jackson-databind-2.8.1.pom
2016-09-08 16:52:08,779 [Worker-14] INFO  o.e.m.c.i.e.AbstractTransferListenerAdapter - Downloaded https://repo.spring.io/libs-release/com/fasterxml/jackson/core/jackson-databind/2.8.1/jackson-databind-2.8.1.pom
2016-09-08 16:52:08,966 [Worker-14] INFO  o.e.m.c.i.e.AbstractTransferListenerAdapter - Downloading https://repo.spring.io/libs-release/com/fasterxml/jackson/jackson-parent/2.8/jackson-parent-2.8.pom
2016-09-08 16:52:09,153 [Worker-14] INFO  o.e.m.c.i.e.AbstractTransferListenerAdapter - Downloaded https://repo.spring.io/libs-release/com/fasterxml/jackson/jackson-parent/2.8/jackson-parent-2.8.pom
2016-09-08 16:52:09,341 [Worker-14] INFO  o.e.m.c.i.e.AbstractTransferListenerAdapter - Downloading https://repo.spring.io/libs-release/com/fasterxml/oss-parent/27/oss-parent-27.pom
2016-09-08 16:52:09,527 [Worker-14] INFO  o.e.m.c.i.e.AbstractTransferListenerAdapter - Downloaded https://repo.spring.io/libs-release/com/fasterxml/oss-parent/27/oss-parent-27.pom
2016-09-08 16:52:09,716 [Worker-14] INFO  o.e.m.c.i.e.AbstractTransferListenerAdapter - Downloading https://repo.spring.io/libs-release/com/fasterxml/jackson/core/jackson-annotations/2.8.1/jackson-annotations-2.8.1.pom
2016-09-08 16:52:09,902 [Worker-14] INFO  o.e.m.c.i.e.AbstractTransferListenerAdapter - Downloaded https://repo.spring.io/libs-release/com/fasterxml/jackson/core/jackson-annotations/2.8.1/jackson-annotations-2.8.1.pom
2016-09-08 16:52:10,087 [Worker-14] INFO  o.e.m.c.i.e.AbstractTransferListenerAdapter - Downloading https://repo.spring.io/libs-release/com/fasterxml/jackson/core/jackson-core/2.8.1/jackson-core-2.8.1.pom
2016-09-08 16:52:10,270 [Worker-14] INFO  o.e.m.c.i.e.AbstractTransferListenerAdapter - Downloaded https://repo.spring.io/libs-release/com/fasterxml/jackson/core/jackson-core/2.8.1/jackson-core-2.8.1.pom
2016-09-08 16:52:10,456 [Worker-14] INFO  o.e.m.c.i.e.AbstractTransferListenerAdapter - Downloading https://repo.spring.io/libs-release/org/springframework/spring-web/4.3.2.RELEASE/spring-web-4.3.2.RELEASE.pom
2016-09-08 16:52:10,695 [Worker-14] INFO  o.e.m.c.i.e.AbstractTransferListenerAdapter - Downloaded https://repo.spring.io/libs-release/org/springframework/spring-web/4.3.2.RELEASE/spring-web-4.3.2.RELEASE.pom
2016-09-08 16:52:10,877 [Worker-14] INFO  o.e.m.c.i.e.AbstractTransferListenerAdapter - Downloading https://repo.spring.io/libs-release/org/springframework/spring-webmvc/4.3.2.RELEASE/spring-webmvc-4.3.2.RELEASE.pom
2016-09-08 16:52:11,073 [Worker-14] INFO  o.e.m.c.i.e.AbstractTransferListenerAdapter - Downloaded https://repo.spring.io/libs-release/org/springframework/spring-webmvc/4.3.2.RELEASE/spring-webmvc-4.3.2.RELEASE.pom
2016-09-08 16:52:11,881 [Worker-14] INFO  o.e.m.c.i.e.AbstractTransferListenerAdapter - Downloading https://repo.spring.io/libs-release/org/springframework/boot/spring-boot-starter-test/1.4.0.RELEASE/spring-boot-starter-test-1.4.0.RELEASE.pom
2016-09-08 16:52:12,065 [Worker-14] INFO  o.e.m.c.i.e.AbstractTransferListenerAdapter - Downloaded https://repo.spring.io/libs-release/org/springframework/boot/spring-boot-starter-test/1.4.0.RELEASE/spring-boot-starter-test-1.4.0.RELEASE.pom
2016-09-08 16:52:12,317 [Worker-14] INFO  o.e.m.c.i.e.AbstractTransferListenerAdapter - Downloading https://repo.spring.io/libs-release/org/springframework/boot/spring-boot-test/1.4.0.RELEASE/spring-boot-test-1.4.0.RELEASE.pom
2016-09-08 16:52:12,496 [Worker-14] INFO  o.e.m.c.i.e.AbstractTransferListenerAdapter - Downloaded https://repo.spring.io/libs-release/org/springframework/boot/spring-boot-test/1.4.0.RELEASE/spring-boot-test-1.4.0.RELEASE.pom
2016-09-08 16:52:12,692 [Worker-14] INFO  o.e.m.c.i.e.AbstractTransferListenerAdapter - Downloading https://repo.spring.io/libs-release/org/springframework/boot/spring-boot-test-autoconfigure/1.4.0.RELEASE/spring-boot-test-autoconfigure-1.4.0.RELEASE.pom
2016-09-08 16:52:12,881 [Worker-14] INFO  o.e.m.c.i.e.AbstractTransferListenerAdapter - Downloaded https://repo.spring.io/libs-release/org/springframework/boot/spring-boot-test-autoconfigure/1.4.0.RELEASE/spring-boot-test-autoconfigure-1.4.0.RELEASE.pom
2016-09-08 16:52:13,073 [Worker-14] INFO  o.e.m.c.i.e.AbstractTransferListenerAdapter - Downloading https://repo.spring.io/libs-release/com/jayway/jsonpath/json-path/2.2.0/json-path-2.2.0.pom
2016-09-08 16:52:13,259 [Worker-14] INFO  o.e.m.c.i.e.AbstractTransferListenerAdapter - Downloaded https://repo.spring.io/libs-release/com/jayway/jsonpath/json-path/2.2.0/json-path-2.2.0.pom
2016-09-08 16:52:13,449 [Worker-14] INFO  o.e.m.c.i.e.AbstractTransferListenerAdapter - Downloading https://repo.spring.io/libs-release/net/minidev/json-smart/2.2.1/json-smart-2.2.1.pom
2016-09-08 16:52:13,649 [Worker-14] INFO  o.e.m.c.i.e.AbstractTransferListenerAdapter - Downloaded https://repo.spring.io/libs-release/net/minidev/json-smart/2.2.1/json-smart-2.2.1.pom
2016-09-08 16:52:13,832 [Worker-14] INFO  o.e.m.c.i.e.AbstractTransferListenerAdapter - Downloading https://repo.spring.io/libs-release/net/minidev/accessors-smart/1.1/accessors-smart-1.1.pom
2016-09-08 16:52:14,010 [Worker-14] INFO  o.e.m.c.i.e.AbstractTransferListenerAdapter - Downloaded https://repo.spring.io/libs-release/net/minidev/accessors-smart/1.1/accessors-smart-1.1.pom
2016-09-08 16:52:14,205 [Worker-14] INFO  o.e.m.c.i.e.AbstractTransferListenerAdapter - Downloading https://repo.spring.io/libs-release/net/minidev/minidev-parent/2.2/minidev-parent-2.2.pom
2016-09-08 16:52:14,384 [Worker-14] INFO  o.e.m.c.i.e.AbstractTransferListenerAdapter - Downloaded https://repo.spring.io/libs-release/net/minidev/minidev-parent/2.2/minidev-parent-2.2.pom
2016-09-08 16:52:14,564 [Worker-14] INFO  o.e.m.c.i.e.AbstractTransferListenerAdapter - Downloading https://repo.spring.io/libs-release/org/ow2/asm/asm/5.0.3/asm-5.0.3.pom
2016-09-08 16:52:14,748 [Worker-14] INFO  o.e.m.c.i.e.AbstractTransferListenerAdapter - Downloaded https://repo.spring.io/libs-release/org/ow2/asm/asm/5.0.3/asm-5.0.3.pom
2016-09-08 16:52:14,937 [Worker-14] INFO  o.e.m.c.i.e.AbstractTransferListenerAdapter - Downloading https://repo.spring.io/libs-release/org/ow2/asm/asm-parent/5.0.3/asm-parent-5.0.3.pom
2016-09-08 16:52:15,117 [Worker-14] INFO  o.e.m.c.i.e.AbstractTransferListenerAdapter - Downloaded https://repo.spring.io/libs-release/org/ow2/asm/asm-parent/5.0.3/asm-parent-5.0.3.pom
2016-09-08 16:52:15,312 [Worker-14] INFO  o.e.m.c.i.e.AbstractTransferListenerAdapter - Downloading https://repo.spring.io/libs-release/org/ow2/ow2/1.3/ow2-1.3.pom
2016-09-08 16:52:15,502 [Worker-14] INFO  o.e.m.c.i.e.AbstractTransferListenerAdapter - Downloaded https://repo.spring.io/libs-release/org/ow2/ow2/1.3/ow2-1.3.pom
2016-09-08 16:52:15,751 [Worker-14] INFO  o.e.m.c.i.e.AbstractTransferListenerAdapter - Downloading https://repo.spring.io/libs-release/junit/junit/4.12/junit-4.12.pom
2016-09-08 16:52:15,930 [Worker-14] INFO  o.e.m.c.i.e.AbstractTransferListenerAdapter - Downloaded https://repo.spring.io/libs-release/junit/junit/4.12/junit-4.12.pom
2016-09-08 16:52:16,124 [Worker-14] INFO  o.e.m.c.i.e.AbstractTransferListenerAdapter - Downloading https://repo.spring.io/libs-release/org/hamcrest/hamcrest-core/1.3/hamcrest-core-1.3.pom
2016-09-08 16:52:16,312 [Worker-14] INFO  o.e.m.c.i.e.AbstractTransferListenerAdapter - Downloaded https://repo.spring.io/libs-release/org/hamcrest/hamcrest-core/1.3/hamcrest-core-1.3.pom
2016-09-08 16:52:16,493 [Worker-14] INFO  o.e.m.c.i.e.AbstractTransferListenerAdapter - Downloading https://repo.spring.io/libs-release/org/hamcrest/hamcrest-parent/1.3/hamcrest-parent-1.3.pom
2016-09-08 16:52:16,672 [Worker-14] INFO  o.e.m.c.i.e.AbstractTransferListenerAdapter - Downloaded https://repo.spring.io/libs-release/org/hamcrest/hamcrest-parent/1.3/hamcrest-parent-1.3.pom
2016-09-08 16:52:16,864 [Worker-14] INFO  o.e.m.c.i.e.AbstractTransferListenerAdapter - Downloading https://repo.spring.io/libs-release/org/assertj/assertj-core/2.5.0/assertj-core-2.5.0.pom
2016-09-08 16:52:17,052 [Worker-14] INFO  o.e.m.c.i.e.AbstractTransferListenerAdapter - Downloaded https://repo.spring.io/libs-release/org/assertj/assertj-core/2.5.0/assertj-core-2.5.0.pom
2016-09-08 16:52:17,240 [Worker-14] INFO  o.e.m.c.i.e.AbstractTransferListenerAdapter - Downloading https://repo.spring.io/libs-release/org/assertj/assertj-parent-pom/2.1.4/assertj-parent-pom-2.1.4.pom
2016-09-08 16:52:17,425 [Worker-14] INFO  o.e.m.c.i.e.AbstractTransferListenerAdapter - Downloaded https://repo.spring.io/libs-release/org/assertj/assertj-parent-pom/2.1.4/assertj-parent-pom-2.1.4.pom
2016-09-08 16:52:17,614 [Worker-14] INFO  o.e.m.c.i.e.AbstractTransferListenerAdapter - Downloading https://repo.spring.io/libs-release/org/mockito/mockito-core/1.10.19/mockito-core-1.10.19.pom
2016-09-08 16:52:17,795 [Worker-14] INFO  o.e.m.c.i.e.AbstractTransferListenerAdapter - Downloaded https://repo.spring.io/libs-release/org/mockito/mockito-core/1.10.19/mockito-core-1.10.19.pom
2016-09-08 16:52:18,008 [Worker-14] INFO  o.e.m.c.i.e.AbstractTransferListenerAdapter - Downloading https://repo.spring.io/libs-release/org/objenesis/objenesis/2.1/objenesis-2.1.pom
2016-09-08 16:52:18,184 [Worker-14] INFO  o.e.m.c.i.e.AbstractTransferListenerAdapter - Downloaded https://repo.spring.io/libs-release/org/objenesis/objenesis/2.1/objenesis-2.1.pom
2016-09-08 16:52:18,371 [Worker-14] INFO  o.e.m.c.i.e.AbstractTransferListenerAdapter - Downloading https://repo.spring.io/libs-release/org/objenesis/objenesis-parent/2.1/objenesis-parent-2.1.pom
2016-09-08 16:52:18,565 [Worker-14] INFO  o.e.m.c.i.e.AbstractTransferListenerAdapter - Downloaded https://repo.spring.io/libs-release/org/objenesis/objenesis-parent/2.1/objenesis-parent-2.1.pom
2016-09-08 16:52:18,756 [Worker-14] INFO  o.e.m.c.i.e.AbstractTransferListenerAdapter - Downloading https://repo.spring.io/libs-release/org/hamcrest/hamcrest-library/1.3/hamcrest-library-1.3.pom
2016-09-08 16:52:18,935 [Worker-14] INFO  o.e.m.c.i.e.AbstractTransferListenerAdapter - Downloaded https://repo.spring.io/libs-release/org/hamcrest/hamcrest-library/1.3/hamcrest-library-1.3.pom
2016-09-08 16:52:19,125 [Worker-14] INFO  o.e.m.c.i.e.AbstractTransferListenerAdapter - Downloading https://repo.spring.io/libs-release/org/skyscreamer/jsonassert/1.3.0/jsonassert-1.3.0.pom
2016-09-08 16:52:19,316 [Worker-14] INFO  o.e.m.c.i.e.AbstractTransferListenerAdapter - Downloaded https://repo.spring.io/libs-release/org/skyscreamer/jsonassert/1.3.0/jsonassert-1.3.0.pom
2016-09-08 16:52:19,504 [Worker-14] INFO  o.e.m.c.i.e.AbstractTransferListenerAdapter - Downloading https://repo.spring.io/libs-release/org/sonatype/oss/oss-parent/7/oss-parent-7.pom
2016-09-08 16:52:19,718 [Worker-14] INFO  o.e.m.c.i.e.AbstractTransferListenerAdapter - Downloaded https://repo.spring.io/libs-release/org/sonatype/oss/oss-parent/7/oss-parent-7.pom
2016-09-08 16:52:19,921 [Worker-14] INFO  o.e.m.c.i.e.AbstractTransferListenerAdapter - Downloading https://repo.spring.io/libs-release/org/json/json/20140107/json-20140107.pom
2016-09-08 16:52:20,107 [Worker-14] INFO  o.e.m.c.i.e.AbstractTransferListenerAdapter - Downloaded https://repo.spring.io/libs-release/org/json/json/20140107/json-20140107.pom
2016-09-08 16:52:20,291 [Worker-14] INFO  o.e.m.c.i.e.AbstractTransferListenerAdapter - Downloading https://repo.spring.io/libs-release/org/springframework/spring-test/4.3.2.RELEASE/spring-test-4.3.2.RELEASE.pom
2016-09-08 16:52:20,473 [Worker-14] INFO  o.e.m.c.i.e.AbstractTransferListenerAdapter - Downloaded https://repo.spring.io/libs-release/org/springframework/spring-test/4.3.2.RELEASE/spring-test-4.3.2.RELEASE.pom
2016-09-08 16:52:20,662 [Worker-14] INFO  o.e.m.c.i.e.AbstractTransferListenerAdapter - Downloading https://repo.spring.io/libs-release/org/springframework/boot/spring-boot-starter-web/1.4.0.RELEASE/spring-boot-starter-web-1.4.0.RELEASE.jar
2016-09-08 16:52:20,837 [Worker-14] INFO  o.e.m.c.i.e.AbstractTransferListenerAdapter - Downloaded https://repo.spring.io/libs-release/org/springframework/boot/spring-boot-starter-web/1.4.0.RELEASE/spring-boot-starter-web-1.4.0.RELEASE.jar
2016-09-08 16:52:21,017 [Worker-14] INFO  o.e.m.c.i.e.AbstractTransferListenerAdapter - Downloading https://repo.spring.io/libs-release/org/springframework/boot/spring-boot-starter/1.4.0.RELEASE/spring-boot-starter-1.4.0.RELEASE.jar
2016-09-08 16:52:21,202 [Worker-14] INFO  o.e.m.c.i.e.AbstractTransferListenerAdapter - Downloaded https://repo.spring.io/libs-release/org/springframework/boot/spring-boot-starter/1.4.0.RELEASE/spring-boot-starter-1.4.0.RELEASE.jar
2016-09-08 16:52:21,381 [Worker-14] INFO  o.e.m.c.i.e.AbstractTransferListenerAdapter - Downloading https://repo.spring.io/libs-release/org/springframework/boot/spring-boot/1.4.0.RELEASE/spring-boot-1.4.0.RELEASE.jar
2016-09-08 16:52:22,366 [Worker-14] INFO  o.e.m.c.i.e.AbstractTransferListenerAdapter - Downloaded https://repo.spring.io/libs-release/org/springframework/boot/spring-boot/1.4.0.RELEASE/spring-boot-1.4.0.RELEASE.jar
2016-09-08 16:52:22,546 [Worker-14] INFO  o.e.m.c.i.e.AbstractTransferListenerAdapter - Downloading https://repo.spring.io/libs-release/org/springframework/boot/spring-boot-autoconfigure/1.4.0.RELEASE/spring-boot-autoconfigure-1.4.0.RELEASE.jar
2016-09-08 16:52:23,915 [Worker-14] INFO  o.e.m.c.i.e.AbstractTransferListenerAdapter - Downloaded https://repo.spring.io/libs-release/org/springframework/boot/spring-boot-autoconfigure/1.4.0.RELEASE/spring-boot-autoconfigure-1.4.0.RELEASE.jar
2016-09-08 16:52:24,090 [Worker-14] INFO  o.e.m.c.i.e.AbstractTransferListenerAdapter - Downloading https://repo.spring.io/libs-release/org/springframework/boot/spring-boot-starter-logging/1.4.0.RELEASE/spring-boot-starter-logging-1.4.0.RELEASE.jar
2016-09-08 16:52:24,267 [Worker-14] INFO  o.e.m.c.i.e.AbstractTransferListenerAdapter - Downloaded https://repo.spring.io/libs-release/org/springframework/boot/spring-boot-starter-logging/1.4.0.RELEASE/spring-boot-starter-logging-1.4.0.RELEASE.jar
2016-09-08 16:52:24,446 [Worker-14] INFO  o.e.m.c.i.e.AbstractTransferListenerAdapter - Downloading https://repo.spring.io/libs-release/ch/qos/logback/logback-classic/1.1.7/logback-classic-1.1.7.jar
2016-09-08 16:52:25,046 [Worker-14] INFO  o.e.m.c.i.e.AbstractTransferListenerAdapter - Downloaded https://repo.spring.io/libs-release/ch/qos/logback/logback-classic/1.1.7/logback-classic-1.1.7.jar
2016-09-08 16:52:25,228 [Worker-14] INFO  o.e.m.c.i.e.AbstractTransferListenerAdapter - Downloading https://repo.spring.io/libs-release/ch/qos/logback/logback-core/1.1.7/logback-core-1.1.7.jar
2016-09-08 16:52:26,434 [Worker-14] INFO  o.e.m.c.i.e.AbstractTransferListenerAdapter - Downloaded https://repo.spring.io/libs-release/ch/qos/logback/logback-core/1.1.7/logback-core-1.1.7.jar
2016-09-08 16:52:26,794 [Worker-14] INFO  o.e.m.c.i.e.AbstractTransferListenerAdapter - Downloading https://repo.spring.io/libs-release/org/slf4j/jcl-over-slf4j/1.7.21/jcl-over-slf4j-1.7.21.jar
2016-09-08 16:52:26,986 [Worker-14] INFO  o.e.m.c.i.e.AbstractTransferListenerAdapter - Downloaded https://repo.spring.io/libs-release/org/slf4j/jcl-over-slf4j/1.7.21/jcl-over-slf4j-1.7.21.jar
2016-09-08 16:52:27,163 [Worker-14] INFO  o.e.m.c.i.e.AbstractTransferListenerAdapter - Downloading https://repo.spring.io/libs-release/org/slf4j/jul-to-slf4j/1.7.21/jul-to-slf4j-1.7.21.jar
2016-09-08 16:52:27,349 [Worker-14] INFO  o.e.m.c.i.e.AbstractTransferListenerAdapter - Downloaded https://repo.spring.io/libs-release/org/slf4j/jul-to-slf4j/1.7.21/jul-to-slf4j-1.7.21.jar
2016-09-08 16:52:27,545 [Worker-14] INFO  o.e.m.c.i.e.AbstractTransferListenerAdapter - Downloading https://repo.spring.io/libs-release/org/slf4j/log4j-over-slf4j/1.7.21/log4j-over-slf4j-1.7.21.jar
2016-09-08 16:52:27,805 [Worker-14] INFO  o.e.m.c.i.e.AbstractTransferListenerAdapter - Downloaded https://repo.spring.io/libs-release/org/slf4j/log4j-over-slf4j/1.7.21/log4j-over-slf4j-1.7.21.jar
2016-09-08 16:52:27,980 [Worker-14] INFO  o.e.m.c.i.e.AbstractTransferListenerAdapter - Downloading https://repo.spring.io/libs-release/org/yaml/snakeyaml/1.17/snakeyaml-1.17.jar
2016-09-08 16:52:28,490 [Worker-14] INFO  o.e.m.c.i.e.AbstractTransferListenerAdapter - Downloaded https://repo.spring.io/libs-release/org/yaml/snakeyaml/1.17/snakeyaml-1.17.jar
2016-09-08 16:52:28,669 [Worker-14] INFO  o.e.m.c.i.e.AbstractTransferListenerAdapter - Downloading https://repo.spring.io/libs-release/org/springframework/boot/spring-boot-starter-tomcat/1.4.0.RELEASE/spring-boot-starter-tomcat-1.4.0.RELEASE.jar
2016-09-08 16:52:28,848 [Worker-14] INFO  o.e.m.c.i.e.AbstractTransferListenerAdapter - Downloaded https://repo.spring.io/libs-release/org/springframework/boot/spring-boot-starter-tomcat/1.4.0.RELEASE/spring-boot-starter-tomcat-1.4.0.RELEASE.jar
2016-09-08 16:52:29,036 [Worker-14] INFO  o.e.m.c.i.e.AbstractTransferListenerAdapter - Downloading https://repo.spring.io/libs-release/org/apache/tomcat/embed/tomcat-embed-core/8.5.4/tomcat-embed-core-8.5.4.jar
2016-09-08 16:52:33,477 [Worker-14] INFO  o.e.m.c.i.e.AbstractTransferListenerAdapter - Downloaded https://repo.spring.io/libs-release/org/apache/tomcat/embed/tomcat-embed-core/8.5.4/tomcat-embed-core-8.5.4.jar
2016-09-08 16:52:33,673 [Worker-14] INFO  o.e.m.c.i.e.AbstractTransferListenerAdapter - Downloading https://repo.spring.io/libs-release/org/apache/tomcat/embed/tomcat-embed-el/8.5.4/tomcat-embed-el-8.5.4.jar
2016-09-08 16:52:34,151 [Worker-14] INFO  o.e.m.c.i.e.AbstractTransferListenerAdapter - Downloaded https://repo.spring.io/libs-release/org/apache/tomcat/embed/tomcat-embed-el/8.5.4/tomcat-embed-el-8.5.4.jar
2016-09-08 16:52:34,351 [Worker-14] INFO  o.e.m.c.i.e.AbstractTransferListenerAdapter - Downloading https://repo.spring.io/libs-release/org/apache/tomcat/embed/tomcat-embed-websocket/8.5.4/tomcat-embed-websocket-8.5.4.jar
2016-09-08 16:52:34,820 [Worker-14] INFO  o.e.m.c.i.e.AbstractTransferListenerAdapter - Downloaded https://repo.spring.io/libs-release/org/apache/tomcat/embed/tomcat-embed-websocket/8.5.4/tomcat-embed-websocket-8.5.4.jar
2016-09-08 16:52:35,010 [Worker-14] INFO  o.e.m.c.i.e.AbstractTransferListenerAdapter - Downloading https://repo.spring.io/libs-release/org/hibernate/hibernate-validator/5.2.4.Final/hibernate-validator-5.2.4.Final.jar
2016-09-08 16:52:36,123 [Worker-14] INFO  o.e.m.c.i.e.AbstractTransferListenerAdapter - Downloaded https://repo.spring.io/libs-release/org/hibernate/hibernate-validator/5.2.4.Final/hibernate-validator-5.2.4.Final.jar
2016-09-08 16:52:36,302 [Worker-14] INFO  o.e.m.c.i.e.AbstractTransferListenerAdapter - Downloading https://repo.spring.io/libs-release/javax/validation/validation-api/1.1.0.Final/validation-api-1.1.0.Final.jar
2016-09-08 16:52:36,558 [Worker-14] INFO  o.e.m.c.i.e.AbstractTransferListenerAdapter - Downloaded https://repo.spring.io/libs-release/javax/validation/validation-api/1.1.0.Final/validation-api-1.1.0.Final.jar
2016-09-08 16:52:36,824 [Worker-14] INFO  o.e.m.c.i.e.AbstractTransferListenerAdapter - Downloading https://repo.spring.io/libs-release/org/jboss/logging/jboss-logging/3.3.0.Final/jboss-logging-3.3.0.Final.jar
2016-09-08 16:52:37,180 [Worker-14] INFO  o.e.m.c.i.e.AbstractTransferListenerAdapter - Downloaded https://repo.spring.io/libs-release/org/jboss/logging/jboss-logging/3.3.0.Final/jboss-logging-3.3.0.Final.jar
2016-09-08 16:52:37,448 [Worker-14] INFO  o.e.m.c.i.e.AbstractTransferListenerAdapter - Downloading https://repo.spring.io/libs-release/com/fasterxml/classmate/1.3.1/classmate-1.3.1.jar
2016-09-08 16:52:37,757 [Worker-14] INFO  o.e.m.c.i.e.AbstractTransferListenerAdapter - Downloaded https://repo.spring.io/libs-release/com/fasterxml/classmate/1.3.1/classmate-1.3.1.jar
2016-09-08 16:52:37,943 [Worker-14] INFO  o.e.m.c.i.e.AbstractTransferListenerAdapter - Downloading https://repo.spring.io/libs-release/com/fasterxml/jackson/core/jackson-databind/2.8.1/jackson-databind-2.8.1.jar
2016-09-08 16:52:39,704 [Worker-14] INFO  o.e.m.c.i.e.AbstractTransferListenerAdapter - Downloaded https://repo.spring.io/libs-release/com/fasterxml/jackson/core/jackson-databind/2.8.1/jackson-databind-2.8.1.jar
2016-09-08 16:52:39,881 [Worker-14] INFO  o.e.m.c.i.e.AbstractTransferListenerAdapter - Downloading https://repo.spring.io/libs-release/com/fasterxml/jackson/core/jackson-annotations/2.8.1/jackson-annotations-2.8.1.jar
2016-09-08 16:52:40,103 [Worker-14] INFO  o.e.m.c.i.e.AbstractTransferListenerAdapter - Downloaded https://repo.spring.io/libs-release/com/fasterxml/jackson/core/jackson-annotations/2.8.1/jackson-annotations-2.8.1.jar
2016-09-08 16:52:40,290 [Worker-14] INFO  o.e.m.c.i.e.AbstractTransferListenerAdapter - Downloading https://repo.spring.io/libs-release/com/fasterxml/jackson/core/jackson-core/2.8.1/jackson-core-2.8.1.jar
2016-09-08 16:52:40,849 [Worker-14] INFO  o.e.m.c.i.e.AbstractTransferListenerAdapter - Downloaded https://repo.spring.io/libs-release/com/fasterxml/jackson/core/jackson-core/2.8.1/jackson-core-2.8.1.jar
2016-09-08 16:52:41,022 [Worker-14] INFO  o.e.m.c.i.e.AbstractTransferListenerAdapter - Downloading https://repo.spring.io/libs-release/org/springframework/spring-web/4.3.2.RELEASE/spring-web-4.3.2.RELEASE.jar
2016-09-08 16:52:42,251 [Worker-14] INFO  o.e.m.c.i.e.AbstractTransferListenerAdapter - Downloaded https://repo.spring.io/libs-release/org/springframework/spring-web/4.3.2.RELEASE/spring-web-4.3.2.RELEASE.jar
2016-09-08 16:52:42,425 [Worker-14] INFO  o.e.m.c.i.e.AbstractTransferListenerAdapter - Downloading https://repo.spring.io/libs-release/org/springframework/spring-aop/4.3.2.RELEASE/spring-aop-4.3.2.RELEASE.jar
2016-09-08 16:52:43,047 [Worker-14] INFO  o.e.m.c.i.e.AbstractTransferListenerAdapter - Downloaded https://repo.spring.io/libs-release/org/springframework/spring-aop/4.3.2.RELEASE/spring-aop-4.3.2.RELEASE.jar
2016-09-08 16:52:43,220 [Worker-14] INFO  o.e.m.c.i.e.AbstractTransferListenerAdapter - Downloading https://repo.spring.io/libs-release/org/springframework/spring-beans/4.3.2.RELEASE/spring-beans-4.3.2.RELEASE.jar
2016-09-08 16:52:44,303 [Worker-14] INFO  o.e.m.c.i.e.AbstractTransferListenerAdapter - Downloaded https://repo.spring.io/libs-release/org/springframework/spring-beans/4.3.2.RELEASE/spring-beans-4.3.2.RELEASE.jar
2016-09-08 16:52:44,487 [Worker-14] INFO  o.e.m.c.i.e.AbstractTransferListenerAdapter - Downloading https://repo.spring.io/libs-release/org/springframework/spring-context/4.3.2.RELEASE/spring-context-4.3.2.RELEASE.jar
2016-09-08 16:52:46,041 [Worker-14] INFO  o.e.m.c.i.e.AbstractTransferListenerAdapter - Downloaded https://repo.spring.io/libs-release/org/springframework/spring-context/4.3.2.RELEASE/spring-context-4.3.2.RELEASE.jar
2016-09-08 16:52:46,219 [Worker-14] INFO  o.e.m.c.i.e.AbstractTransferListenerAdapter - Downloading https://repo.spring.io/libs-release/org/springframework/spring-webmvc/4.3.2.RELEASE/spring-webmvc-4.3.2.RELEASE.jar
2016-09-08 16:52:47,891 [Worker-14] INFO  o.e.m.c.i.e.AbstractTransferListenerAdapter - Downloaded https://repo.spring.io/libs-release/org/springframework/spring-webmvc/4.3.2.RELEASE/spring-webmvc-4.3.2.RELEASE.jar
2016-09-08 16:52:49,226 [Worker-14] INFO  o.e.m.c.i.e.AbstractTransferListenerAdapter - Downloading https://repo.spring.io/libs-release/org/springframework/spring-expression/4.3.2.RELEASE/spring-expression-4.3.2.RELEASE.jar
2016-09-08 16:52:49,796 [Worker-14] INFO  o.e.m.c.i.e.AbstractTransferListenerAdapter - Downloaded https://repo.spring.io/libs-release/org/springframework/spring-expression/4.3.2.RELEASE/spring-expression-4.3.2.RELEASE.jar
2016-09-08 16:52:49,976 [Worker-14] INFO  o.e.m.c.i.e.AbstractTransferListenerAdapter - Downloading https://repo.spring.io/libs-release/org/springframework/boot/spring-boot-starter-test/1.4.0.RELEASE/spring-boot-starter-test-1.4.0.RELEASE.jar
2016-09-08 16:52:50,149 [Worker-14] INFO  o.e.m.c.i.e.AbstractTransferListenerAdapter - Downloaded https://repo.spring.io/libs-release/org/springframework/boot/spring-boot-starter-test/1.4.0.RELEASE/spring-boot-starter-test-1.4.0.RELEASE.jar
2016-09-08 16:52:50,329 [Worker-14] INFO  o.e.m.c.i.e.AbstractTransferListenerAdapter - Downloading https://repo.spring.io/libs-release/org/springframework/boot/spring-boot-test/1.4.0.RELEASE/spring-boot-test-1.4.0.RELEASE.jar
2016-09-08 16:52:50,672 [Worker-14] INFO  o.e.m.c.i.e.AbstractTransferListenerAdapter - Downloaded https://repo.spring.io/libs-release/org/springframework/boot/spring-boot-test/1.4.0.RELEASE/spring-boot-test-1.4.0.RELEASE.jar
2016-09-08 16:52:50,850 [Worker-14] INFO  o.e.m.c.i.e.AbstractTransferListenerAdapter - Downloading https://repo.spring.io/libs-release/org/springframework/boot/spring-boot-test-autoconfigure/1.4.0.RELEASE/spring-boot-test-autoconfigure-1.4.0.RELEASE.jar
2016-09-08 16:52:51,118 [Worker-14] INFO  o.e.m.c.i.e.AbstractTransferListenerAdapter - Downloaded https://repo.spring.io/libs-release/org/springframework/boot/spring-boot-test-autoconfigure/1.4.0.RELEASE/spring-boot-test-autoconfigure-1.4.0.RELEASE.jar
2016-09-08 16:52:51,315 [Worker-14] INFO  o.e.m.c.i.e.AbstractTransferListenerAdapter - Downloading https://repo.spring.io/libs-release/junit/junit/4.12/junit-4.12.jar
2016-09-08 16:52:51,835 [Worker-14] INFO  o.e.m.c.i.e.AbstractTransferListenerAdapter - Downloaded https://repo.spring.io/libs-release/junit/junit/4.12/junit-4.12.jar
2016-09-08 16:52:52,018 [Worker-14] INFO  o.e.m.c.i.e.AbstractTransferListenerAdapter - Downloading https://repo.spring.io/libs-release/org/assertj/assertj-core/2.5.0/assertj-core-2.5.0.jar
2016-09-08 16:52:53,339 [Worker-14] INFO  o.e.m.c.i.e.AbstractTransferListenerAdapter - Downloaded https://repo.spring.io/libs-release/org/assertj/assertj-core/2.5.0/assertj-core-2.5.0.jar
2016-09-08 16:52:53,522 [Worker-14] INFO  o.e.m.c.i.e.AbstractTransferListenerAdapter - Downloading https://repo.spring.io/libs-release/org/mockito/mockito-core/1.10.19/mockito-core-1.10.19.jar
2016-09-08 16:52:55,152 [Worker-14] INFO  o.e.m.c.i.e.AbstractTransferListenerAdapter - Downloaded https://repo.spring.io/libs-release/org/mockito/mockito-core/1.10.19/mockito-core-1.10.19.jar
2016-09-08 16:52:55,339 [Worker-14] INFO  o.e.m.c.i.e.AbstractTransferListenerAdapter - Downloading https://repo.spring.io/libs-release/org/objenesis/objenesis/2.1/objenesis-2.1.jar
2016-09-08 16:52:55,531 [Worker-14] INFO  o.e.m.c.i.e.AbstractTransferListenerAdapter - Downloaded https://repo.spring.io/libs-release/org/objenesis/objenesis/2.1/objenesis-2.1.jar
2016-09-08 16:52:55,713 [Worker-14] INFO  o.e.m.c.i.e.AbstractTransferListenerAdapter - Downloading https://repo.spring.io/libs-release/org/hamcrest/hamcrest-core/1.3/hamcrest-core-1.3.jar
2016-09-08 16:52:55,904 [Worker-14] INFO  o.e.m.c.i.e.AbstractTransferListenerAdapter - Downloaded https://repo.spring.io/libs-release/org/hamcrest/hamcrest-core/1.3/hamcrest-core-1.3.jar
2016-09-08 16:52:56,113 [Worker-14] INFO  o.e.m.c.i.e.AbstractTransferListenerAdapter - Downloading https://repo.spring.io/libs-release/org/hamcrest/hamcrest-library/1.3/hamcrest-library-1.3.jar
2016-09-08 16:52:56,335 [Worker-14] INFO  o.e.m.c.i.e.AbstractTransferListenerAdapter - Downloaded https://repo.spring.io/libs-release/org/hamcrest/hamcrest-library/1.3/hamcrest-library-1.3.jar
2016-09-08 16:52:56,518 [Worker-14] INFO  o.e.m.c.i.e.AbstractTransferListenerAdapter - Downloading https://repo.spring.io/libs-release/org/skyscreamer/jsonassert/1.3.0/jsonassert-1.3.0.jar
2016-09-08 16:52:56,702 [Worker-14] INFO  o.e.m.c.i.e.AbstractTransferListenerAdapter - Downloaded https://repo.spring.io/libs-release/org/skyscreamer/jsonassert/1.3.0/jsonassert-1.3.0.jar
2016-09-08 16:52:56,888 [Worker-14] INFO  o.e.m.c.i.e.AbstractTransferListenerAdapter - Downloading https://repo.spring.io/libs-release/org/json/json/20140107/json-20140107.jar
2016-09-08 16:52:57,146 [Worker-14] INFO  o.e.m.c.i.e.AbstractTransferListenerAdapter - Downloaded https://repo.spring.io/libs-release/org/json/json/20140107/json-20140107.jar
2016-09-08 16:52:57,332 [Worker-14] INFO  o.e.m.c.i.e.AbstractTransferListenerAdapter - Downloading https://repo.spring.io/libs-release/org/springframework/spring-core/4.3.2.RELEASE/spring-core-4.3.2.RELEASE.jar
2016-09-08 16:52:58,909 [Worker-14] INFO  o.e.m.c.i.e.AbstractTransferListenerAdapter - Downloaded https://repo.spring.io/libs-release/org/springframework/spring-core/4.3.2.RELEASE/spring-core-4.3.2.RELEASE.jar
2016-09-08 16:52:59,105 [Worker-14] INFO  o.e.m.c.i.e.AbstractTransferListenerAdapter - Downloading https://repo.spring.io/libs-release/org/springframework/spring-test/4.3.2.RELEASE/spring-test-4.3.2.RELEASE.jar
2016-09-08 16:53:00,026 [Worker-14] INFO  o.e.m.c.i.e.AbstractTransferListenerAdapter - Downloaded https://repo.spring.io/libs-release/org/springframework/spring-test/4.3.2.RELEASE/spring-test-4.3.2.RELEASE.jar
2016-09-08 16:53:00,227 [Worker-14] INFO  o.e.m.c.i.e.AbstractTransferListenerAdapter - Downloading https://repo.spring.io/libs-release/com/jayway/jsonpath/json-path/2.2.0/json-path-2.2.0.jar
2016-09-08 16:53:00,679 [Worker-14] INFO  o.e.m.c.i.e.AbstractTransferListenerAdapter - Downloaded https://repo.spring.io/libs-release/com/jayway/jsonpath/json-path/2.2.0/json-path-2.2.0.jar
2016-09-08 16:53:00,855 [Worker-14] INFO  o.e.m.c.i.e.AbstractTransferListenerAdapter - Downloading https://repo.spring.io/libs-release/net/minidev/json-smart/2.2.1/json-smart-2.2.1.jar
2016-09-08 16:53:01,144 [Worker-14] INFO  o.e.m.c.i.e.AbstractTransferListenerAdapter - Downloaded https://repo.spring.io/libs-release/net/minidev/json-smart/2.2.1/json-smart-2.2.1.jar
2016-09-08 16:53:01,337 [Worker-14] INFO  o.e.m.c.i.e.AbstractTransferListenerAdapter - Downloading https://repo.spring.io/libs-release/net/minidev/accessors-smart/1.1/accessors-smart-1.1.jar
2016-09-08 16:53:01,608 [Worker-14] INFO  o.e.m.c.i.e.AbstractTransferListenerAdapter - Downloaded https://repo.spring.io/libs-release/net/minidev/accessors-smart/1.1/accessors-smart-1.1.jar
2016-09-08 16:53:01,785 [Worker-14] INFO  o.e.m.c.i.e.AbstractTransferListenerAdapter - Downloading https://repo.spring.io/libs-release/org/ow2/asm/asm/5.0.3/asm-5.0.3.jar
2016-09-08 16:53:02,192 [Worker-14] INFO  o.e.m.c.i.e.AbstractTransferListenerAdapter - Downloaded https://repo.spring.io/libs-release/org/ow2/asm/asm/5.0.3/asm-5.0.3.jar
2016-09-08 16:53:02,716 [Worker-14] INFO  o.e.m.c.i.e.AbstractTransferListenerAdapter - Downloading https://repo.spring.io/libs-release/org/slf4j/slf4j-api/1.7.21/slf4j-api-1.7.21.jar
2016-09-08 16:53:03,147 [Worker-14] INFO  o.e.m.c.i.e.AbstractTransferListenerAdapter - Downloaded https://repo.spring.io/libs-release/org/slf4j/slf4j-api/1.7.21/slf4j-api-1.7.21.jar
2016-09-08 17:49:12,164 [Worker-1] INFO  c.g.t.t.d.PublishedGradleVersions - Gradle version information cache is up-to-date. Trying to read.
2016-09-11 22:04:22,650 [Worker-1] INFO  c.g.t.t.d.PublishedGradleVersions - Gradle version information cache is out-of-date. Trying to update.
2016-09-13 14:25:24,379 [Worker-1] INFO  c.g.t.t.d.PublishedGradleVersions - Gradle version information cache is out-of-date. Trying to update.
2016-09-13 16:39:25,909 [Worker-92] INFO  o.e.m.c.i.e.AbstractTransferListenerAdapter - Downloading https://repo.maven.apache.org/maven2/org/apache/commons/commons-parent/34/commons-parent-34.pom
2016-09-13 16:39:26,056 [Worker-92] INFO  o.e.m.c.i.e.AbstractTransferListenerAdapter - Downloaded https://repo.maven.apache.org/maven2/org/apache/commons/commons-parent/34/commons-parent-34.pom
2016-09-13 16:39:26,186 [Worker-92] INFO  o.e.m.c.i.e.AbstractTransferListenerAdapter - Downloading https://repo.maven.apache.org/maven2/org/apache/apache/13/apache-13.pom
2016-09-13 16:39:26,293 [Worker-92] INFO  o.e.m.c.i.e.AbstractTransferListenerAdapter - Downloaded https://repo.maven.apache.org/maven2/org/apache/apache/13/apache-13.pom
2016-09-13 16:40:02,659 [Worker-98] INFO  o.e.m.c.i.e.AbstractTransferListenerAdapter - Downloading https://repo.maven.apache.org/maven2/junit/junit/3.8.1/junit-3.8.1.pom
2016-09-13 16:40:02,898 [Worker-98] INFO  o.e.m.c.i.e.AbstractTransferListenerAdapter - Downloaded https://repo.maven.apache.org/maven2/junit/junit/3.8.1/junit-3.8.1.pom
2016-09-13 16:40:03,197 [Worker-98] INFO  o.e.m.c.i.e.AbstractTransferListenerAdapter - Downloading https://repo.maven.apache.org/maven2/log4j/log4j/1.2.17/log4j-1.2.17.pom
2016-09-13 16:40:03,316 [Worker-98] INFO  o.e.m.c.i.e.AbstractTransferListenerAdapter - Downloaded https://repo.maven.apache.org/maven2/log4j/log4j/1.2.17/log4j-1.2.17.pom
2016-09-13 16:40:03,478 [Worker-98] INFO  o.e.m.c.i.e.AbstractTransferListenerAdapter - Downloading https://repo.maven.apache.org/maven2/logkit/logkit/1.0.1/logkit-1.0.1.pom
2016-09-13 16:40:03,819 [Worker-98] INFO  o.e.m.c.i.e.AbstractTransferListenerAdapter - Downloaded https://repo.maven.apache.org/maven2/logkit/logkit/1.0.1/logkit-1.0.1.pom
2016-09-13 16:40:03,985 [Worker-98] INFO  o.e.m.c.i.e.AbstractTransferListenerAdapter - Downloading https://repo.maven.apache.org/maven2/avalon-framework/avalon-framework/4.1.5/avalon-framework-4.1.5.pom
2016-09-13 16:40:04,193 [Worker-98] INFO  o.e.m.c.i.e.AbstractTransferListenerAdapter - Downloaded https://repo.maven.apache.org/maven2/avalon-framework/avalon-framework/4.1.5/avalon-framework-4.1.5.pom
2016-09-13 16:40:04,382 [Worker-98] INFO  o.e.m.c.i.e.AbstractTransferListenerAdapter - Downloading https://repo.maven.apache.org/maven2/javax/servlet/servlet-api/2.3/servlet-api-2.3.pom
2016-09-13 16:40:04,566 [Worker-98] INFO  o.e.m.c.i.e.AbstractTransferListenerAdapter - Downloaded https://repo.maven.apache.org/maven2/javax/servlet/servlet-api/2.3/servlet-api-2.3.pom
2016-09-14 08:52:48,545 [Worker-0] INFO  c.g.t.t.d.PublishedGradleVersions - Gradle version information cache is up-to-date. Trying to read.
2016-09-14 20:53:12,720 [Worker-0] INFO  c.g.t.t.d.PublishedGradleVersions - Gradle version information cache is up-to-date. Trying to read.
2016-09-15 08:47:55,022 [Worker-0] INFO  c.g.t.t.d.PublishedGradleVersions - Gradle version information cache is up-to-date. Trying to read.
2016-09-15 19:16:09,477 [Worker-2] INFO  c.g.t.t.d.PublishedGradleVersions - Gradle version information cache is up-to-date. Trying to read.
